<?xml version="1.0" encoding="UTF-8"?>
<testng-results skipped="0" failed="0" ignored="0" total="1" passed="1">
  <reporter-output>
  </reporter-output>
  <suite name="Default suite" duration-ms="7933" started-at="2018-11-15T10:14:02Z" finished-at="2018-11-15T10:14:10Z">
    <groups>
    </groups>
    <test name="Default test" duration-ms="7933" started-at="2018-11-15T10:14:02Z" finished-at="2018-11-15T10:14:10Z">
      <class name="com.cs.qa.tests.SignUpPageTests">
        <test-method status="PASS" signature="setUp()[pri:0, instance:com.cs.qa.tests.SignUpPageTests@6a4f787b]" name="setUp" is-config="true" duration-ms="18282" started-at="2018-11-15T10:13:43Z" finished-at="2018-11-15T10:14:02Z">
          <reporter-output>
          </reporter-output>
        </test-method> <!-- setUp -->
        <test-method status="PASS" signature="test()[pri:0, instance:com.cs.qa.tests.SignUpPageTests@6a4f787b]" name="test" duration-ms="7815" started-at="2018-11-15T10:14:02Z" finished-at="2018-11-15T10:14:10Z">
          <reporter-output>
          </reporter-output>
        </test-method> <!-- test -->
        <test-method status="PASS" signature="TearDown()[pri:0, instance:com.cs.qa.tests.SignUpPageTests@6a4f787b]" name="TearDown" is-config="true" duration-ms="1072" started-at="2018-11-15T10:14:10Z" finished-at="2018-11-15T10:14:11Z">
          <reporter-output>
          </reporter-output>
        </test-method> <!-- TearDown -->
      </class> <!-- com.cs.qa.tests.SignUpPageTests -->
    </test> <!-- Default test -->
  </suite> <!-- Default suite -->
</testng-results>
