<?xml version="1.0" encoding="UTF-8"?>
<!-- Generated by org.testng.reporters.JUnitXMLReporter -->
<testsuite hostname="FINLHYDAG451278" ignored="0" name="Default test" tests="3" failures="0" timestamp="19 Nov 2018 12:21:51 GMT" time="9.965" errors="0">
  <testcase name="Get_current_version" time="5.633" classname="com.csapi.test.tests.APITests"/>
  <testcase name="Get_schema" time="2.205" classname="com.csapi.test.tests.APITests"/>
  <testcase name="Get_summary" time="1.994" classname="com.csapi.test.tests.APITests"/>
</testsuite> <!-- Default test -->
