<?xml version="1.0" encoding="UTF-8"?>
<testng-results skipped="0" failed="0" ignored="0" total="3" passed="3">
  <reporter-output>
  </reporter-output>
  <suite name="Default suite" duration-ms="9965" started-at="2018-11-19T12:21:40Z" finished-at="2018-11-19T12:21:50Z">
    <groups>
    </groups>
    <test name="Default test" duration-ms="9965" started-at="2018-11-19T12:21:40Z" finished-at="2018-11-19T12:21:50Z">
      <class name="com.csapi.test.tests.APITests">
        <test-method status="PASS" signature="Get_current_version()[pri:0, instance:com.csapi.test.tests.APITests@51565ec2]" name="Get_current_version" duration-ms="5633" started-at="2018-11-19T12:21:40Z" finished-at="2018-11-19T12:21:46Z">
          <reporter-output>
          </reporter-output>
        </test-method> <!-- Get_current_version -->
        <test-method status="PASS" signature="Get_schema()[pri:0, instance:com.csapi.test.tests.APITests@51565ec2]" name="Get_schema" duration-ms="2205" started-at="2018-11-19T12:21:46Z" finished-at="2018-11-19T12:21:48Z">
          <reporter-output>
          </reporter-output>
        </test-method> <!-- Get_schema -->
        <test-method status="PASS" signature="Get_summary()[pri:0, instance:com.csapi.test.tests.APITests@51565ec2]" name="Get_summary" duration-ms="1994" started-at="2018-11-19T12:21:48Z" finished-at="2018-11-19T12:21:50Z">
          <reporter-output>
          </reporter-output>
        </test-method> <!-- Get_summary -->
      </class> <!-- com.csapi.test.tests.APITests -->
    </test> <!-- Default test -->
  </suite> <!-- Default suite -->
</testng-results>
